Removed Pin From Net: NetName=3V3 Pin=Power_Headers-1
Removed Pin From Net: NetName=GND Pin=Power_Headers-2
Removed Member From Class: ClassName=V3 Member=Power_Headers
Added Component: Designator=Power_Header(JST-B2P-VH(LF)(SN)_V)
Add component (AddParameter): Name = "Case/Package"; Value = "B2P-VH(LF)(SN)"; VariantName = "[No Variations]"
Add component (AddParameter): Name = "Connector Type"; Value = "Header"; VariantName = "[No Variations]"
Add component (AddParameter): Name = "Datasheet URL"; Value = "http://www.jst-mfg.com/product/pdf/eng/eVH.pdf"; VariantName = "[No Variations]"
Add component (AddParameter): Name = "Datasheet Version"; Value = "May-16"; VariantName = "[No Variations]"
Add component (AddParameter): Name = "Gender"; Value = "Male"; VariantName = "[No Variations]"
Add component (AddParameter): Name = "Manufacturer"; Value = "JST"; VariantName = "[No Variations]"
Add component (AddParameter): Name = "Manufacturer URL"; Value = "http://www.jst.com/home2.html"; VariantName = "[No Variations]"
Add component (AddParameter): Name = "Max Current Rating"; Value = ""; VariantName = "[No Variations]"
Add component (AddParameter): Name = "Max Operating Temperature"; Value = "85°C"; VariantName = "[No Variations]"
Add component (AddParameter): Name = "Min Operating Temperature"; Value = "-25°C"; VariantName = "[No Variations]"
Add component (AddParameter): Name = "Mounting Technology"; Value = "TH"; VariantName = "[No Variations]"
Add component (AddParameter): Name = "Package Description"; Value = "Male Header, Pitch 3.96 mm, 1 x 2 Position, Height 10.9 mm, Tail Length 3.7 mm"; VariantName = "[No Variations]"
Add component (AddParameter): Name = "Package Reference"; Value = "B2P-VH(LF)(SN)"; VariantName = "[No Variations]"
Add component (AddParameter): Name = "Pins"; Value = ""; VariantName = "[No Variations]"
Add component (AddParameter): Name = "RoHS Compliant"; Value = "Unknown"; VariantName = "[No Variations]"
Add component (AddParameter): Name = "Voltage Rating"; Value = ""; VariantName = "[No Variations]"
Added Pin To Net: NetName=GND Pin=Power_Header-1
Added Pin To Net: NetName=3V3 Pin=Power_Header-2
Added Member To Class: ClassName=V3 Member=Component C2 0.1uF
Added Member To Class: ClassName=V3 Member=Component Power_Header B2P-VH(LF)(SN)
