Removed Pin From Net: NetName=A_I_2 Pin=To_LCD_and_Analog_Inputs-1
Removed Pin From Net: NetName=A_I_1 Pin=To_LCD_and_Analog_Inputs-2
Removed Pin From Net: NetName=SDA Pin=To_LCD_and_Analog_Inputs-3
Removed Pin From Net: NetName=SCL Pin=To_LCD_and_Analog_Inputs-4
Change Component Footprint: Designator=To_LCD_and_Analog_Inputs Old Footprint=SMTC-TSW-104-08-X-S New Footprint=JST_B4B-XH-A(LF)(SN)
Change Component Comment : Designator=To_LCD_and_Analog_Inputs Old Comment=TSW-104-08-L-S New Comment=B4B-XH-A(LF)(SN)
Change Managed Component Library Link : Designator=To_LCD_and_Analog_Inputs Old VaultGUID=B7D15EC3-160A-466F-A46C-7801FE6295A7 New VaultGUID=36BA1F84-FE57-4519-AA72-5CFB7794FDFB Old ItemGUID=19B483DD-D6C9-4AA3-AC01-2E71CA2FEE85 New ItemGUID=F6A1412A-196A-4DE1-8662-D70FA045DFCF Old RevisionGUID=DB25211F-72C6-466C-A977-3B16503E9B1F New RevisionGUID=4C6CCB78-B51C-4EE2-8EF9-14D4C50A042B
Change component parameters: Designator = "To_LCD_and_Analog_Inputs" ("To_LCD_and_Analog_Inputs"); Footprint = "SMTC-TSW-104-08-X-S"; UniqueID = "\SDVYPKKP" ("\SDVYPKKP")
Change component parameters (AddParameter): Name = "Availability"; Value = "In Stock"; VariantName = "[No Variations]"
Change component parameters (AddParameter): Name = "Check_prices"; Value = "https://www.snapeda.com/parts/B4B-XH-A(LF)(SN)/JST+Sales+America+Inc./view-part/?ref=eda"; VariantName = "[No Variations]"
Change component parameters (AddParameter): Name = "Component Type"; Value = "Standard"; VariantName = "[No Variations]"
Change component parameters (AddParameter): Name = "Design Item ID"; Value = "B4B-XH-A(LF)(SN)"; VariantName = "[No Variations]"
Change component parameters (AddParameter): Name = "MF"; Value = "JST Sales"; VariantName = "[No Variations]"
Change component parameters (AddParameter): Name = "MP"; Value = "B4B-XH-A(LF)(SN)"; VariantName = "[No Variations]"
Change component parameters (AddParameter): Name = "Package"; Value = "None"; VariantName = "[No Variations]"
Change component parameters (AddParameter): Name = "Pin Count"; Value = "4"; VariantName = "[No Variations]"
Change component parameters (AddParameter): Name = "Price"; Value = "None"; VariantName = "[No Variations]"
Change component parameters (AddParameter): Name = "Purchase-URL"; Value = "https://pricing.snapeda.com/search/part/B4B-XH-A(LF)(SN)/?ref=eda"; VariantName = "[No Variations]"
Change component parameters (AddParameter): Name = "SnapEDA_Link"; Value = "https://www.snapeda.com/parts/B4B-XH-A(LF)(SN)/JST+Sales+America+Inc./view-part/?ref=snap"; VariantName = "[No Variations]"
Change component parameters (AddParameter): Name = "Source"; Value = "B4B-XH-A(LF)(SN).SchLib"; VariantName = "[No Variations]"
Change component parameters (AddParameter): Name = "Value"; Value = ""; VariantName = "[No Variations]"
Added Pin To Net: NetName=SCL Pin=To_LCD_and_Analog_Inputs-1
Added Pin To Net: NetName=SDA Pin=To_LCD_and_Analog_Inputs-2
Added Pin To Net: NetName=A_I_1 Pin=To_LCD_and_Analog_Inputs-3
Added Pin To Net: NetName=A_I_2 Pin=To_LCD_and_Analog_Inputs-4
