Added Component: Designator=EN/IO23(HDR1X2)
Add component (AddParameter): Name = "Component Type"; Value = "Standard"; VariantName = "[No Variations]"
Add component (AddParameter): Name = "Design Item ID"; Value = "Header 2"; VariantName = "[No Variations]"
Add component (AddParameter): Name = "LatestRevisionDate"; Value = "17-Jul-2002"; VariantName = "[No Variations]"
Add component (AddParameter): Name = "LatestRevisionNote"; Value = "Re-released for DXP Platform."; VariantName = "[No Variations]"
Add component (AddParameter): Name = "Pin Count"; Value = "2"; VariantName = "[No Variations]"
Add component (AddParameter): Name = "Publisher"; Value = "Altium Limited"; VariantName = "[No Variations]"
Add component (AddParameter): Name = "Source"; Value = "Miscellaneous Connectors.SchLib"; VariantName = "[No Variations]"
Added Component: Designator=IO25/26(HDR1X2)
Add component (AddParameter): Name = "Component Type"; Value = "Standard"; VariantName = "[No Variations]"
Add component (AddParameter): Name = "Design Item ID"; Value = "Header 2"; VariantName = "[No Variations]"
Add component (AddParameter): Name = "LatestRevisionDate"; Value = "17-Jul-2002"; VariantName = "[No Variations]"
Add component (AddParameter): Name = "LatestRevisionNote"; Value = "Re-released for DXP Platform."; VariantName = "[No Variations]"
Add component (AddParameter): Name = "Pin Count"; Value = "2"; VariantName = "[No Variations]"
Add component (AddParameter): Name = "Publisher"; Value = "Altium Limited"; VariantName = "[No Variations]"
Add component (AddParameter): Name = "Source"; Value = "Miscellaneous Connectors.SchLib"; VariantName = "[No Variations]"
Added Component: Designator=IO32/33(HDR1X2)
Add component (AddParameter): Name = "Component Type"; Value = "Standard"; VariantName = "[No Variations]"
Add component (AddParameter): Name = "Design Item ID"; Value = "Header 2"; VariantName = "[No Variations]"
Add component (AddParameter): Name = "LatestRevisionDate"; Value = "17-Jul-2002"; VariantName = "[No Variations]"
Add component (AddParameter): Name = "LatestRevisionNote"; Value = "Re-released for DXP Platform."; VariantName = "[No Variations]"
Add component (AddParameter): Name = "Pin Count"; Value = "2"; VariantName = "[No Variations]"
Add component (AddParameter): Name = "Publisher"; Value = "Altium Limited"; VariantName = "[No Variations]"
Add component (AddParameter): Name = "Source"; Value = "Miscellaneous Connectors.SchLib"; VariantName = "[No Variations]"
Added Component: Designator=IO34/35(HDR1X2)
Add component (AddParameter): Name = "Component Type"; Value = "Standard"; VariantName = "[No Variations]"
Add component (AddParameter): Name = "Design Item ID"; Value = "Header 2"; VariantName = "[No Variations]"
Add component (AddParameter): Name = "LatestRevisionDate"; Value = "17-Jul-2002"; VariantName = "[No Variations]"
Add component (AddParameter): Name = "LatestRevisionNote"; Value = "Re-released for DXP Platform."; VariantName = "[No Variations]"
Add component (AddParameter): Name = "Pin Count"; Value = "2"; VariantName = "[No Variations]"
Add component (AddParameter): Name = "Publisher"; Value = "Altium Limited"; VariantName = "[No Variations]"
Add component (AddParameter): Name = "Source"; Value = "Miscellaneous Connectors.SchLib"; VariantName = "[No Variations]"
Added Component: Designator=LHS(HDR2X10)
Add component (AddParameter): Name = "Component Type"; Value = "Standard"; VariantName = "[No Variations]"
Add component (AddParameter): Name = "Design Item ID"; Value = "Header 10X2"; VariantName = "[No Variations]"
Add component (AddParameter): Name = "LatestRevisionDate"; Value = "17-Jul-2002"; VariantName = "[No Variations]"
Add component (AddParameter): Name = "LatestRevisionNote"; Value = "Re-released for DXP Platform."; VariantName = "[No Variations]"
Add component (AddParameter): Name = "Pin Count"; Value = "20"; VariantName = "[No Variations]"
Add component (AddParameter): Name = "Publisher"; Value = "Altium Limited"; VariantName = "[No Variations]"
Add component (AddParameter): Name = "Source"; Value = "Miscellaneous Connectors.SchLib"; VariantName = "[No Variations]"
Added Component: Designator=Power(HDR1X2)
Add component (AddParameter): Name = "Component Type"; Value = "Standard"; VariantName = "[No Variations]"
Add component (AddParameter): Name = "Design Item ID"; Value = "Header 2"; VariantName = "[No Variations]"
Add component (AddParameter): Name = "LatestRevisionDate"; Value = "17-Jul-2002"; VariantName = "[No Variations]"
Add component (AddParameter): Name = "LatestRevisionNote"; Value = "Re-released for DXP Platform."; VariantName = "[No Variations]"
Add component (AddParameter): Name = "Pin Count"; Value = "2"; VariantName = "[No Variations]"
Add component (AddParameter): Name = "Publisher"; Value = "Altium Limited"; VariantName = "[No Variations]"
Add component (AddParameter): Name = "Source"; Value = "Miscellaneous Connectors.SchLib"; VariantName = "[No Variations]"
Added Component: Designator=RHS(HDR2X10)
Add component (AddParameter): Name = "Component Type"; Value = "Standard"; VariantName = "[No Variations]"
Add component (AddParameter): Name = "Design Item ID"; Value = "Header 10X2"; VariantName = "[No Variations]"
Add component (AddParameter): Name = "LatestRevisionDate"; Value = "17-Jul-2002"; VariantName = "[No Variations]"
Add component (AddParameter): Name = "LatestRevisionNote"; Value = "Re-released for DXP Platform."; VariantName = "[No Variations]"
Add component (AddParameter): Name = "Pin Count"; Value = "20"; VariantName = "[No Variations]"
Add component (AddParameter): Name = "Publisher"; Value = "Altium Limited"; VariantName = "[No Variations]"
Add component (AddParameter): Name = "Source"; Value = "Miscellaneous Connectors.SchLib"; VariantName = "[No Variations]"
Added Component: Designator=SVP/SVN(HDR1X2)
Add component (AddParameter): Name = "Component Type"; Value = "Standard"; VariantName = "[No Variations]"
Add component (AddParameter): Name = "Design Item ID"; Value = "Header 2"; VariantName = "[No Variations]"
Add component (AddParameter): Name = "LatestRevisionDate"; Value = "17-Jul-2002"; VariantName = "[No Variations]"
Add component (AddParameter): Name = "LatestRevisionNote"; Value = "Re-released for DXP Platform."; VariantName = "[No Variations]"
Add component (AddParameter): Name = "Pin Count"; Value = "2"; VariantName = "[No Variations]"
Add component (AddParameter): Name = "Publisher"; Value = "Altium Limited"; VariantName = "[No Variations]"
Add component (AddParameter): Name = "Source"; Value = "Miscellaneous Connectors.SchLib"; VariantName = "[No Variations]"
Added Component: Designator=To LCD(HDR1X2)
Add component (AddParameter): Name = "Component Type"; Value = "Standard"; VariantName = "[No Variations]"
Add component (AddParameter): Name = "Design Item ID"; Value = "Header 2"; VariantName = "[No Variations]"
Add component (AddParameter): Name = "LatestRevisionDate"; Value = "17-Jul-2002"; VariantName = "[No Variations]"
Add component (AddParameter): Name = "LatestRevisionNote"; Value = "Re-released for DXP Platform."; VariantName = "[No Variations]"
Add component (AddParameter): Name = "Pin Count"; Value = "2"; VariantName = "[No Variations]"
Add component (AddParameter): Name = "Publisher"; Value = "Altium Limited"; VariantName = "[No Variations]"
Add component (AddParameter): Name = "Source"; Value = "Miscellaneous Connectors.SchLib"; VariantName = "[No Variations]"
Added Component: Designator=TX/RX(HDR1X2)
Add component (AddParameter): Name = "Component Type"; Value = "Standard"; VariantName = "[No Variations]"
Add component (AddParameter): Name = "Design Item ID"; Value = "Header 2"; VariantName = "[No Variations]"
Add component (AddParameter): Name = "LatestRevisionDate"; Value = "17-Jul-2002"; VariantName = "[No Variations]"
Add component (AddParameter): Name = "LatestRevisionNote"; Value = "Re-released for DXP Platform."; VariantName = "[No Variations]"
Add component (AddParameter): Name = "Pin Count"; Value = "2"; VariantName = "[No Variations]"
Add component (AddParameter): Name = "Publisher"; Value = "Altium Limited"; VariantName = "[No Variations]"
Add component (AddParameter): Name = "Source"; Value = "Miscellaneous Connectors.SchLib"; VariantName = "[No Variations]"
Added Pin To Net: NetName=NetEN/IO23_1 Pin=EN/IO23-1
Added Pin To Net: NetName=NetEN/IO23_1 Pin=RHS-4
Added Net: Name=NetEN/IO23_1
Added Pin To Net: NetName=NetEN/IO23_2 Pin=EN/IO23-2
Added Pin To Net: NetName=NetEN/IO23_2 Pin=RHS-6
Added Net: Name=NetEN/IO23_2
Added Pin To Net: NetName=NetIO25/26_1 Pin=IO25/26-1
Added Pin To Net: NetName=NetIO25/26_1 Pin=LHS-7
Added Net: Name=NetIO25/26_1
Added Pin To Net: NetName=NetIO25/26_2 Pin=IO25/26-2
Added Pin To Net: NetName=NetIO25/26_2 Pin=LHS-8
Added Net: Name=NetIO25/26_2
Added Pin To Net: NetName=NetIO32/33_1 Pin=IO32/33-1
Added Pin To Net: NetName=NetIO32/33_1 Pin=LHS-6
Added Net: Name=NetIO32/33_1
Added Pin To Net: NetName=NetIO32/33_2 Pin=IO32/33-2
Added Pin To Net: NetName=NetIO32/33_2 Pin=LHS-5
Added Net: Name=NetIO32/33_2
Added Pin To Net: NetName=NetIO34/35_1 Pin=IO34/35-1
Added Pin To Net: NetName=NetIO34/35_1 Pin=LHS-3
Added Net: Name=NetIO34/35_1
Added Pin To Net: NetName=NetIO34/35_2 Pin=IO34/35-2
Added Pin To Net: NetName=NetIO34/35_2 Pin=LHS-4
Added Net: Name=NetIO34/35_2
Added Pin To Net: NetName=NetLHS_1 Pin=LHS-1
Added Pin To Net: NetName=NetLHS_1 Pin=SVP/SVN-1
Added Net: Name=NetLHS_1
Added Pin To Net: NetName=NetLHS_2 Pin=LHS-2
Added Pin To Net: NetName=NetLHS_2 Pin=SVP/SVN-2
Added Net: Name=NetLHS_2
Added Pin To Net: NetName=NetPower_1 Pin=Power-1
Added Pin To Net: NetName=NetPower_1 Pin=RHS-1
Added Net: Name=NetPower_1
Added Pin To Net: NetName=NetPower_2 Pin=Power-2
Added Pin To Net: NetName=NetPower_2 Pin=RHS-2
Added Net: Name=NetPower_2
Added Pin To Net: NetName=NetRHS_3 Pin=RHS-3
Added Pin To Net: NetName=NetRHS_3 Pin=TX/RX-1
Added Net: Name=NetRHS_3
Added Pin To Net: NetName=NetRHS_5 Pin=RHS-5
Added Pin To Net: NetName=NetRHS_5 Pin=TX/RX-2
Added Net: Name=NetRHS_5
Added Pin To Net: NetName=NetRHS_8 Pin=RHS-8
Added Pin To Net: NetName=NetRHS_8 Pin=To LCD-2
Added Net: Name=NetRHS_8
Added Pin To Net: NetName=NetRHS_9 Pin=RHS-9
Added Pin To Net: NetName=NetRHS_9 Pin=To LCD-1
Added Net: Name=NetRHS_9
Added Class: Name=Sheet1
Added Room: Name=Sheet1
